<?xml version="1.0" encoding="utf-8"?><testsuites name="pytest tests"><testsuite name="pytest" errors="0" failures="0" skipped="0" tests="19" time="7.527" timestamp="2026-04-23T13:49:33.829727+00:00" hostname="agent-env-e16d826c-6d54-4cd1-be23-3899c13bedc9"><testcase classname="backend.tests.test_pexels_admin.TestAdminLogin" name="test_admin_login_sets_cookie" time="0.535" /><testcase classname="backend.tests.test_pexels_admin.TestAdminLogin" name="test_register_duplicate_rejected" time="0.555" /><testcase classname="backend.tests.test_pexels_admin.TestPexelsProxy" name="test_search_returns_photos" time="0.285" /><testcase classname="backend.tests.test_pexels_admin.TestPexelsProxy" name="test_search_does_not_leak_api_key" time="0.249" /><testcase classname="backend.tests.test_pexels_admin.TestPageThemePersistence" name="test_create_update_theme_and_persist" time="0.533" /><testcase classname="backend.tests.test_stakked.TestAuth" name="test_register_new_user" time="0.327" /><testcase classname="backend.tests.test_stakked.TestAuth" name="test_login_valid" time="0.336" /><testcase classname="backend.tests.test_stakked.TestAuth" name="test_login_invalid" time="0.345" /><testcase classname="backend.tests.test_stakked.TestAuth" name="test_me_without_auth" time="0.144" /><testcase classname="backend.tests.test_stakked.TestAuth" name="test_me_with_auth" time="0.374" /><testcase classname="backend.tests.test_stakked.TestAuth" name="test_logout" time="0.514" /><testcase classname="backend.tests.test_stakked.TestPages" name="test_list_pages" time="0.389" /><testcase classname="backend.tests.test_stakked.TestPages" name="test_create_page" time="0.443" /><testcase classname="backend.tests.test_stakked.TestPages" name="test_create_and_get_page" time="0.452" /><testcase classname="backend.tests.test_stakked.TestPages" name="test_update_page" time="0.451" /><testcase classname="backend.tests.test_stakked.TestPages" name="test_delete_page" time="0.478" /><testcase classname="backend.tests.test_stakked.TestPages" name="test_publish_page" time="0.482" /><testcase classname="backend.tests.test_stakked.TestPages" name="test_pages_without_auth" time="0.463" /><testcase classname="backend.tests.test_stakked.TestGallery" name="test_gallery_published_pages" time="0.106" /></testsuite></testsuites>