<?xml version="1.0" encoding="utf-8"?><testsuites name="pytest tests"><testsuite name="pytest" errors="0" failures="0" skipped="0" tests="14" time="5.308" timestamp="2026-04-23T12:28:09.391654+00:00" hostname="agent-env-e16d826c-6d54-4cd1-be23-3899c13bedc9"><testcase classname="backend.tests.test_stakked.TestAuth" name="test_register_new_user" time="0.431" /><testcase classname="backend.tests.test_stakked.TestAuth" name="test_login_valid" time="0.348" /><testcase classname="backend.tests.test_stakked.TestAuth" name="test_login_invalid" time="0.342" /><testcase classname="backend.tests.test_stakked.TestAuth" name="test_me_without_auth" time="0.126" /><testcase classname="backend.tests.test_stakked.TestAuth" name="test_me_with_auth" time="0.389" /><testcase classname="backend.tests.test_stakked.TestAuth" name="test_logout" time="0.448" /><testcase classname="backend.tests.test_stakked.TestPages" name="test_list_pages" time="0.389" /><testcase classname="backend.tests.test_stakked.TestPages" name="test_create_page" time="0.386" /><testcase classname="backend.tests.test_stakked.TestPages" name="test_create_and_get_page" time="0.440" /><testcase classname="backend.tests.test_stakked.TestPages" name="test_update_page" time="0.470" /><testcase classname="backend.tests.test_stakked.TestPages" name="test_delete_page" time="0.479" /><testcase classname="backend.tests.test_stakked.TestPages" name="test_publish_page" time="0.424" /><testcase classname="backend.tests.test_stakked.TestPages" name="test_pages_without_auth" time="0.434" /><testcase classname="backend.tests.test_stakked.TestGallery" name="test_gallery_published_pages" time="0.127" /></testsuite></testsuites>