<?xml version="1.0" encoding="utf-8"?><testsuites name="pytest tests"><testsuite name="pytest" errors="0" failures="0" skipped="0" tests="14" time="5.654" timestamp="2026-04-23T13:20:46.167637+00:00" hostname="agent-env-e16d826c-6d54-4cd1-be23-3899c13bedc9"><testcase classname="backend.tests.test_stakked.TestAuth" name="test_register_new_user" time="0.466" /><testcase classname="backend.tests.test_stakked.TestAuth" name="test_login_valid" time="0.353" /><testcase classname="backend.tests.test_stakked.TestAuth" name="test_login_invalid" time="0.401" /><testcase classname="backend.tests.test_stakked.TestAuth" name="test_me_without_auth" time="0.109" /><testcase classname="backend.tests.test_stakked.TestAuth" name="test_me_with_auth" time="0.391" /><testcase classname="backend.tests.test_stakked.TestAuth" name="test_logout" time="0.422" /><testcase classname="backend.tests.test_stakked.TestPages" name="test_list_pages" time="0.414" /><testcase classname="backend.tests.test_stakked.TestPages" name="test_create_page" time="0.377" /><testcase classname="backend.tests.test_stakked.TestPages" name="test_create_and_get_page" time="0.525" /><testcase classname="backend.tests.test_stakked.TestPages" name="test_update_page" time="0.487" /><testcase classname="backend.tests.test_stakked.TestPages" name="test_delete_page" time="0.582" /><testcase classname="backend.tests.test_stakked.TestPages" name="test_publish_page" time="0.470" /><testcase classname="backend.tests.test_stakked.TestPages" name="test_pages_without_auth" time="0.464" /><testcase classname="backend.tests.test_stakked.TestGallery" name="test_gallery_published_pages" time="0.119" /></testsuite></testsuites>