<?xml version="1.0" encoding="utf-8"?><testsuites name="pytest tests"><testsuite name="pytest" errors="0" failures="0" skipped="0" tests="13" time="22.326" timestamp="2026-04-23T14:10:33.067745+00:00" hostname="agent-env-e16d826c-6d54-4cd1-be23-3899c13bedc9"><testcase classname="backend.tests.test_new_features.TestTemplates" name="test_create_template" time="0.446" /><testcase classname="backend.tests.test_new_features.TestTemplates" name="test_list_templates" time="0.054" /><testcase classname="backend.tests.test_new_features.TestTemplates" name="test_use_template_creates_page" time="0.056" /><testcase classname="backend.tests.test_new_features.TestTemplates" name="test_use_template_invalid_id" time="0.055" /><testcase classname="backend.tests.test_new_features.TestTemplates" name="test_use_template_not_found" time="0.053" /><testcase classname="backend.tests.test_new_features.TestTemplates" name="test_templates_require_auth" time="0.300" /><testcase classname="backend.tests.test_new_features.TestTemplates" name="test_delete_template" time="0.114" /><testcase classname="backend.tests.test_new_features.TestTemplates" name="test_delete_template_not_found" time="0.056" /><testcase classname="backend.tests.test_new_features.TestTemplates" name="test_cleanup_created_page" time="0.247" /><testcase classname="backend.tests.test_new_features.TestWorkflow" name="test_page_update_accepts_workflow" time="0.225" /><testcase classname="backend.tests.test_new_features.TestAIAnimation" name="test_generate_layout_returns_animation_field" time="20.132" /><testcase classname="backend.tests.test_new_features.TestAuthRegression" name="test_admin_login" time="0.434" /><testcase classname="backend.tests.test_new_features.TestAuthRegression" name="test_admin_me" time="0.071" /></testsuite></testsuites>